{"C:\\Users\\LinkApi\\Desktop\\freeCodeCamp\\node-express-course-main\\03-task-manager\\starterTDD\\config\\index.js": {"path":"C:\\Users\\LinkApi\\Desktop\\freeCodeCamp\\node-express-course-main\\03-task-manager\\starterTDD\\config\\index.js","statementMap":{"0":{"start":{"line":1,"column":0},"end":{"line":1,"column":27}},"1":{"start":{"line":3,"column":0},"end":{"line":13,"column":1}}},"fnMap":{},"branchMap":{},"s":{"0":1,"1":1},"f":{},"b":{},"_coverageSchema":"1a1c01bbd47fc00a2c39e90264f33305004495a9","hash":"872370e83440366ea868f63eed266ab36eb5b02d"}
,"C:\\Users\\LinkApi\\Desktop\\freeCodeCamp\\node-express-course-main\\03-task-manager\\starterTDD\\db\\connect.js": {"path":"C:\\Users\\LinkApi\\Desktop\\freeCodeCamp\\node-express-course-main\\03-task-manager\\starterTDD\\db\\connect.js","statementMap":{"0":{"start":{"line":1,"column":17},"end":{"line":1,"column":36}},"1":{"start":{"line":3,"column":18},"end":{"line":10,"column":1}},"2":{"start":{"line":4,"column":4},"end":{"line":9,"column":6}},"3":{"start":{"line":12,"column":21},"end":{"line":14,"column":1}},"4":{"start":{"line":13,"column":4},"end":{"line":13,"column":32}},"5":{"start":{"line":16,"column":0},"end":{"line":16,"column":45}}},"fnMap":{"0":{"name":"(anonymous_0)","decl":{"start":{"line":3,"column":18},"end":{"line":3,"column":19}},"loc":{"start":{"line":3,"column":27},"end":{"line":10,"column":1}},"line":3},"1":{"name":"(anonymous_1)","decl":{"start":{"line":12,"column":21},"end":{"line":12,"column":22}},"loc":{"start":{"line":12,"column":27},"end":{"line":14,"column":1}},"line":12}},"branchMap":{},"s":{"0":1,"1":1,"2":9,"3":1,"4":9,"5":1},"f":{"0":9,"1":9},"b":{},"_coverageSchema":"1a1c01bbd47fc00a2c39e90264f33305004495a9","hash":"628c66864380b5b5e658e13f437141d297407c90"}
,"C:\\Users\\LinkApi\\Desktop\\freeCodeCamp\\node-express-course-main\\03-task-manager\\starterTDD\\errors\\BadRequestError.js": {"path":"C:\\Users\\LinkApi\\Desktop\\freeCodeCamp\\node-express-course-main\\03-task-manager\\starterTDD\\errors\\BadRequestError.js","statementMap":{"0":{"start":{"line":1,"column":24},"end":{"line":1,"column":52}},"1":{"start":{"line":2,"column":23},"end":{"line":2,"column":48}},"2":{"start":{"line":6,"column":8},"end":{"line":6,"column":22}},"3":{"start":{"line":7,"column":8},"end":{"line":7,"column":49}},"4":{"start":{"line":11,"column":0},"end":{"line":11,"column":33}}},"fnMap":{"0":{"name":"(anonymous_0)","decl":{"start":{"line":5,"column":4},"end":{"line":5,"column":5}},"loc":{"start":{"line":5,"column":24},"end":{"line":8,"column":5}},"line":5}},"branchMap":{},"s":{"0":1,"1":1,"2":4,"3":4,"4":1},"f":{"0":4},"b":{},"_coverageSchema":"1a1c01bbd47fc00a2c39e90264f33305004495a9","hash":"193a5173756a5d88fceaa3f23ffb88af5415b54f"}
,"C:\\Users\\LinkApi\\Desktop\\freeCodeCamp\\node-express-course-main\\03-task-manager\\starterTDD\\errors\\ConflictError.js": {"path":"C:\\Users\\LinkApi\\Desktop\\freeCodeCamp\\node-express-course-main\\03-task-manager\\starterTDD\\errors\\ConflictError.js","statementMap":{"0":{"start":{"line":1,"column":24},"end":{"line":1,"column":52}},"1":{"start":{"line":2,"column":23},"end":{"line":2,"column":48}},"2":{"start":{"line":6,"column":8},"end":{"line":6,"column":22}},"3":{"start":{"line":7,"column":8},"end":{"line":7,"column":47}},"4":{"start":{"line":11,"column":0},"end":{"line":11,"column":31}}},"fnMap":{"0":{"name":"(anonymous_0)","decl":{"start":{"line":5,"column":4},"end":{"line":5,"column":5}},"loc":{"start":{"line":5,"column":24},"end":{"line":8,"column":5}},"line":5}},"branchMap":{},"s":{"0":1,"1":1,"2":2,"3":2,"4":1},"f":{"0":2},"b":{},"_coverageSchema":"1a1c01bbd47fc00a2c39e90264f33305004495a9","hash":"e492b2b7bf0518bd2abcc9102b07f48edfd93906"}
,"C:\\Users\\LinkApi\\Desktop\\freeCodeCamp\\node-express-course-main\\03-task-manager\\starterTDD\\errors\\NotFoundError.js": {"path":"C:\\Users\\LinkApi\\Desktop\\freeCodeCamp\\node-express-course-main\\03-task-manager\\starterTDD\\errors\\NotFoundError.js","statementMap":{"0":{"start":{"line":1,"column":24},"end":{"line":1,"column":52}},"1":{"start":{"line":2,"column":23},"end":{"line":2,"column":48}},"2":{"start":{"line":6,"column":8},"end":{"line":6,"column":22}},"3":{"start":{"line":7,"column":8},"end":{"line":7,"column":47}},"4":{"start":{"line":11,"column":0},"end":{"line":11,"column":31}}},"fnMap":{"0":{"name":"(anonymous_0)","decl":{"start":{"line":5,"column":4},"end":{"line":5,"column":5}},"loc":{"start":{"line":5,"column":24},"end":{"line":8,"column":5}},"line":5}},"branchMap":{},"s":{"0":1,"1":1,"2":4,"3":4,"4":1},"f":{"0":4},"b":{},"_coverageSchema":"1a1c01bbd47fc00a2c39e90264f33305004495a9","hash":"e6a8b681bcc330f20e9b8121406f6f8a29edd328"}
,"C:\\Users\\LinkApi\\Desktop\\freeCodeCamp\\node-express-course-main\\03-task-manager\\starterTDD\\errors\\custom-error.js": {"path":"C:\\Users\\LinkApi\\Desktop\\freeCodeCamp\\node-express-course-main\\03-task-manager\\starterTDD\\errors\\custom-error.js","statementMap":{"0":{"start":{"line":3,"column":6},"end":{"line":3,"column":20}},"1":{"start":{"line":7,"column":2},"end":{"line":7,"column":33}}},"fnMap":{"0":{"name":"(anonymous_0)","decl":{"start":{"line":2,"column":4},"end":{"line":2,"column":5}},"loc":{"start":{"line":2,"column":25},"end":{"line":4,"column":5}},"line":2}},"branchMap":{},"s":{"0":10,"1":1},"f":{"0":10},"b":{},"_coverageSchema":"1a1c01bbd47fc00a2c39e90264f33305004495a9","hash":"bab4052ba983affb416eb93aa1c100e0b0fb5a2d"}
,"C:\\Users\\LinkApi\\Desktop\\freeCodeCamp\\node-express-course-main\\03-task-manager\\starterTDD\\errors\\index.js": {"path":"C:\\Users\\LinkApi\\Desktop\\freeCodeCamp\\node-express-course-main\\03-task-manager\\starterTDD\\errors\\index.js","statementMap":{"0":{"start":{"line":1,"column":22},"end":{"line":1,"column":48}},"1":{"start":{"line":2,"column":22},"end":{"line":2,"column":48}},"2":{"start":{"line":3,"column":24},"end":{"line":3,"column":52}},"3":{"start":{"line":5,"column":0},"end":{"line":9,"column":1}}},"fnMap":{},"branchMap":{},"s":{"0":1,"1":1,"2":1,"3":1},"f":{},"b":{},"_coverageSchema":"1a1c01bbd47fc00a2c39e90264f33305004495a9","hash":"130c969fac2fd854001a104043a6297cd693dea6"}
,"C:\\Users\\LinkApi\\Desktop\\freeCodeCamp\\node-express-course-main\\03-task-manager\\starterTDD\\models\\Task.js": {"path":"C:\\Users\\LinkApi\\Desktop\\freeCodeCamp\\node-express-course-main\\03-task-manager\\starterTDD\\models\\Task.js","statementMap":{"0":{"start":{"line":1,"column":17},"end":{"line":1,"column":36}},"1":{"start":{"line":3,"column":19},"end":{"line":14,"column":2}},"2":{"start":{"line":16,"column":0},"end":{"line":16,"column":51}}},"fnMap":{},"branchMap":{},"s":{"0":2,"1":2,"2":2},"f":{},"b":{},"_coverageSchema":"1a1c01bbd47fc00a2c39e90264f33305004495a9","hash":"fe7cc6faaa389bcadb6c4e10cfb4bab2fec017a6"}
,"C:\\Users\\LinkApi\\Desktop\\freeCodeCamp\\node-express-course-main\\03-task-manager\\starterTDD\\repository\\TaskRepository.js": {"path":"C:\\Users\\LinkApi\\Desktop\\freeCodeCamp\\node-express-course-main\\03-task-manager\\starterTDD\\repository\\TaskRepository.js","statementMap":{"0":{"start":{"line":1,"column":13},"end":{"line":1,"column":38}},"1":{"start":{"line":5,"column":8},"end":{"line":5,"column":33}},"2":{"start":{"line":9,"column":8},"end":{"line":9,"column":41}},"3":{"start":{"line":13,"column":8},"end":{"line":13,"column":29}},"4":{"start":{"line":17,"column":8},"end":{"line":20,"column":10}},"5":{"start":{"line":24,"column":8},"end":{"line":24,"column":49}},"6":{"start":{"line":28,"column":8},"end":{"line":28,"column":37}},"7":{"start":{"line":32,"column":0},"end":{"line":32,"column":32}}},"fnMap":{"0":{"name":"(anonymous_0)","decl":{"start":{"line":4,"column":4},"end":{"line":4,"column":5}},"loc":{"start":{"line":4,"column":21},"end":{"line":6,"column":5}},"line":4},"1":{"name":"(anonymous_1)","decl":{"start":{"line":8,"column":4},"end":{"line":8,"column":5}},"loc":{"start":{"line":8,"column":16},"end":{"line":10,"column":5}},"line":8},"2":{"name":"(anonymous_2)","decl":{"start":{"line":12,"column":4},"end":{"line":12,"column":5}},"loc":{"start":{"line":12,"column":18},"end":{"line":14,"column":5}},"line":12},"3":{"name":"(anonymous_3)","decl":{"start":{"line":16,"column":4},"end":{"line":16,"column":5}},"loc":{"start":{"line":16,"column":25},"end":{"line":21,"column":5}},"line":16},"4":{"name":"(anonymous_4)","decl":{"start":{"line":23,"column":4},"end":{"line":23,"column":5}},"loc":{"start":{"line":23,"column":19},"end":{"line":25,"column":5}},"line":23},"5":{"name":"(anonymous_5)","decl":{"start":{"line":27,"column":4},"end":{"line":27,"column":5}},"loc":{"start":{"line":27,"column":24},"end":{"line":29,"column":5}},"line":27}},"branchMap":{},"s":{"0":1,"1":0,"2":0,"3":0,"4":0,"5":0,"6":0,"7":1},"f":{"0":0,"1":0,"2":0,"3":0,"4":0,"5":0},"b":{},"_coverageSchema":"1a1c01bbd47fc00a2c39e90264f33305004495a9","hash":"44f350b88aa9461cf8be8991320ed170310ffa01"}
,"C:\\Users\\LinkApi\\Desktop\\freeCodeCamp\\node-express-course-main\\03-task-manager\\starterTDD\\services\\index.js": {"path":"C:\\Users\\LinkApi\\Desktop\\freeCodeCamp\\node-express-course-main\\03-task-manager\\starterTDD\\services\\index.js","statementMap":{"0":{"start":{"line":1,"column":23},"end":{"line":1,"column":62}},"1":{"start":{"line":7,"column":4},"end":{"line":7,"column":24}},"2":{"start":{"line":11,"column":8},"end":{"line":11,"column":47}},"3":{"start":{"line":15,"column":8},"end":{"line":15,"column":84}},"4":{"start":{"line":15,"column":30},"end":{"line":15,"column":84}},"5":{"start":{"line":17,"column":27},"end":{"line":17,"column":68}},"6":{"start":{"line":19,"column":8},"end":{"line":19,"column":90}},"7":{"start":{"line":19,"column":24},"end":{"line":19,"column":90}},"8":{"start":{"line":21,"column":19},"end":{"line":21,"column":61}},"9":{"start":{"line":23,"column":8},"end":{"line":23,"column":20}},"10":{"start":{"line":27,"column":8},"end":{"line":27,"column":49}},"11":{"start":{"line":31,"column":8},"end":{"line":31,"column":51}},"12":{"start":{"line":35,"column":8},"end":{"line":35,"column":89}},"13":{"start":{"line":35,"column":35},"end":{"line":35,"column":89}},"14":{"start":{"line":37,"column":27},"end":{"line":37,"column":60}},"15":{"start":{"line":39,"column":8},"end":{"line":39,"column":68}},"16":{"start":{"line":39,"column":25},"end":{"line":39,"column":68}},"17":{"start":{"line":41,"column":8},"end":{"line":41,"column":57}},"18":{"start":{"line":45,"column":21},"end":{"line":45,"column":57}},"19":{"start":{"line":46,"column":8},"end":{"line":46,"column":62}},"20":{"start":{"line":46,"column":19},"end":{"line":46,"column":62}},"21":{"start":{"line":47,"column":8},"end":{"line":47,"column":20}},"22":{"start":{"line":51,"column":0},"end":{"line":51,"column":25}}},"fnMap":{"0":{"name":"(anonymous_0)","decl":{"start":{"line":10,"column":4},"end":{"line":10,"column":5}},"loc":{"start":{"line":10,"column":18},"end":{"line":12,"column":5}},"line":10},"1":{"name":"(anonymous_1)","decl":{"start":{"line":14,"column":4},"end":{"line":14,"column":5}},"loc":{"start":{"line":14,"column":27},"end":{"line":24,"column":5}},"line":14},"2":{"name":"(anonymous_2)","decl":{"start":{"line":26,"column":4},"end":{"line":26,"column":5}},"loc":{"start":{"line":26,"column":23},"end":{"line":28,"column":5}},"line":26},"3":{"name":"(anonymous_3)","decl":{"start":{"line":30,"column":4},"end":{"line":30,"column":5}},"loc":{"start":{"line":30,"column":22},"end":{"line":32,"column":5}},"line":30},"4":{"name":"(anonymous_4)","decl":{"start":{"line":34,"column":4},"end":{"line":34,"column":5}},"loc":{"start":{"line":34,"column":32},"end":{"line":42,"column":5}},"line":34},"5":{"name":"(anonymous_5)","decl":{"start":{"line":44,"column":4},"end":{"line":44,"column":5}},"loc":{"start":{"line":44,"column":25},"end":{"line":48,"column":5}},"line":44}},"branchMap":{"0":{"loc":{"start":{"line":15,"column":8},"end":{"line":15,"column":84}},"type":"if","locations":[{"start":{"line":15,"column":8},"end":{"line":15,"column":84}},{"start":{},"end":{}}],"line":15},"1":{"loc":{"start":{"line":19,"column":8},"end":{"line":19,"column":90}},"type":"if","locations":[{"start":{"line":19,"column":8},"end":{"line":19,"column":90}},{"start":{},"end":{}}],"line":19},"2":{"loc":{"start":{"line":35,"column":8},"end":{"line":35,"column":89}},"type":"if","locations":[{"start":{"line":35,"column":8},"end":{"line":35,"column":89}},{"start":{},"end":{}}],"line":35},"3":{"loc":{"start":{"line":39,"column":8},"end":{"line":39,"column":68}},"type":"if","locations":[{"start":{"line":39,"column":8},"end":{"line":39,"column":68}},{"start":{},"end":{}}],"line":39},"4":{"loc":{"start":{"line":46,"column":8},"end":{"line":46,"column":62}},"type":"if","locations":[{"start":{"line":46,"column":8},"end":{"line":46,"column":62}},{"start":{},"end":{}}],"line":46}},"s":{"0":1,"1":1,"2":1,"3":3,"4":1,"5":2,"6":2,"7":1,"8":1,"9":1,"10":0,"11":1,"12":3,"13":1,"14":2,"15":2,"16":1,"17":1,"18":2,"19":2,"20":1,"21":1,"22":1},"f":{"0":1,"1":3,"2":0,"3":1,"4":3,"5":2},"b":{"0":[1,2],"1":[1,1],"2":[1,2],"3":[1,1],"4":[1,1]},"_coverageSchema":"1a1c01bbd47fc00a2c39e90264f33305004495a9","hash":"9c0ef1384266cc1acd3366ecc69ce6e464798dda"}
,"C:\\Users\\LinkApi\\Desktop\\freeCodeCamp\\node-express-course-main\\03-task-manager\\starterTDD\\utils\\Request.js": {"path":"C:\\Users\\LinkApi\\Desktop\\freeCodeCamp\\node-express-course-main\\03-task-manager\\starterTDD\\utils\\Request.js","statementMap":{"0":{"start":{"line":1,"column":14},"end":{"line":1,"column":30}},"1":{"start":{"line":2,"column":15},"end":{"line":2,"column":35}},"2":{"start":{"line":6,"column":8},"end":{"line":9,"column":10}},"3":{"start":{"line":13,"column":8},"end":{"line":13,"column":47}},"4":{"start":{"line":17,"column":8},"end":{"line":20,"column":9}},"5":{"start":{"line":24,"column":8},"end":{"line":27,"column":9}},"6":{"start":{"line":31,"column":8},"end":{"line":31,"column":50}},"7":{"start":{"line":35,"column":0},"end":{"line":35,"column":25}}},"fnMap":{"0":{"name":"(anonymous_0)","decl":{"start":{"line":5,"column":4},"end":{"line":5,"column":5}},"loc":{"start":{"line":5,"column":17},"end":{"line":10,"column":5}},"line":5},"1":{"name":"(anonymous_1)","decl":{"start":{"line":12,"column":4},"end":{"line":12,"column":5}},"loc":{"start":{"line":12,"column":24},"end":{"line":14,"column":5}},"line":12},"2":{"name":"(anonymous_2)","decl":{"start":{"line":16,"column":4},"end":{"line":16,"column":5}},"loc":{"start":{"line":16,"column":30},"end":{"line":21,"column":5}},"line":16},"3":{"name":"(anonymous_3)","decl":{"start":{"line":23,"column":4},"end":{"line":23,"column":5}},"loc":{"start":{"line":23,"column":30},"end":{"line":28,"column":5}},"line":23},"4":{"name":"(anonymous_4)","decl":{"start":{"line":30,"column":4},"end":{"line":30,"column":5}},"loc":{"start":{"line":30,"column":26},"end":{"line":32,"column":5}},"line":30}},"branchMap":{},"s":{"0":1,"1":1,"2":9,"3":2,"4":9,"5":3,"6":2,"7":1},"f":{"0":9,"1":2,"2":9,"3":3,"4":2},"b":{},"_coverageSchema":"1a1c01bbd47fc00a2c39e90264f33305004495a9","hash":"d5776d203b90c1a375746e159373c3b247c5e18e"}
}
