TN:
SF:config\index.js
FNF:0
FNH:0
DA:1,1
DA:3,1
LF:2
LH:2
BRF:0
BRH:0
end_of_record
TN:
SF:db\connect.js
FN:3,(anonymous_0)
FN:12,(anonymous_1)
FNF:2
FNH:2
FNDA:9,(anonymous_0)
FNDA:9,(anonymous_1)
DA:1,1
DA:3,1
DA:4,9
DA:12,1
DA:13,9
DA:16,1
LF:6
LH:6
BRF:0
BRH:0
end_of_record
TN:
SF:errors\BadRequestError.js
FN:5,(anonymous_0)
FNF:1
FNH:1
FNDA:4,(anonymous_0)
DA:1,1
DA:2,1
DA:6,4
DA:7,4
DA:11,1
LF:5
LH:5
BRF:0
BRH:0
end_of_record
TN:
SF:errors\ConflictError.js
FN:5,(anonymous_0)
FNF:1
FNH:1
FNDA:2,(anonymous_0)
DA:1,1
DA:2,1
DA:6,2
DA:7,2
DA:11,1
LF:5
LH:5
BRF:0
BRH:0
end_of_record
TN:
SF:errors\NotFoundError.js
FN:5,(anonymous_0)
FNF:1
FNH:1
FNDA:4,(anonymous_0)
DA:1,1
DA:2,1
DA:6,4
DA:7,4
DA:11,1
LF:5
LH:5
BRF:0
BRH:0
end_of_record
TN:
SF:errors\custom-error.js
FN:2,(anonymous_0)
FNF:1
FNH:1
FNDA:10,(anonymous_0)
DA:3,10
DA:7,1
LF:2
LH:2
BRF:0
BRH:0
end_of_record
TN:
SF:errors\index.js
FNF:0
FNH:0
DA:1,1
DA:2,1
DA:3,1
DA:5,1
LF:4
LH:4
BRF:0
BRH:0
end_of_record
TN:
SF:models\Task.js
FNF:0
FNH:0
DA:1,2
DA:3,2
DA:16,2
LF:3
LH:3
BRF:0
BRH:0
end_of_record
TN:
SF:repository\TaskRepository.js
FN:4,(anonymous_0)
FN:8,(anonymous_1)
FN:12,(anonymous_2)
FN:16,(anonymous_3)
FN:23,(anonymous_4)
FN:27,(anonymous_5)
FNF:6
FNH:0
FNDA:0,(anonymous_0)
FNDA:0,(anonymous_1)
FNDA:0,(anonymous_2)
FNDA:0,(anonymous_3)
FNDA:0,(anonymous_4)
FNDA:0,(anonymous_5)
DA:1,1
DA:5,0
DA:9,0
DA:13,0
DA:17,0
DA:24,0
DA:28,0
DA:32,1
LF:8
LH:2
BRF:0
BRH:0
end_of_record
TN:
SF:services\index.js
FN:10,(anonymous_0)
FN:14,(anonymous_1)
FN:26,(anonymous_2)
FN:30,(anonymous_3)
FN:34,(anonymous_4)
FN:44,(anonymous_5)
FNF:6
FNH:5
FNDA:1,(anonymous_0)
FNDA:3,(anonymous_1)
FNDA:0,(anonymous_2)
FNDA:1,(anonymous_3)
FNDA:3,(anonymous_4)
FNDA:2,(anonymous_5)
DA:1,1
DA:7,1
DA:11,1
DA:15,3
DA:17,2
DA:19,2
DA:21,1
DA:23,1
DA:27,0
DA:31,1
DA:35,3
DA:37,2
DA:39,2
DA:41,1
DA:45,2
DA:46,2
DA:47,1
DA:51,1
LF:18
LH:17
BRDA:15,0,0,1
BRDA:15,0,1,2
BRDA:19,1,0,1
BRDA:19,1,1,1
BRDA:35,2,0,1
BRDA:35,2,1,2
BRDA:39,3,0,1
BRDA:39,3,1,1
BRDA:46,4,0,1
BRDA:46,4,1,1
BRF:10
BRH:10
end_of_record
TN:
SF:utils\Request.js
FN:5,(anonymous_0)
FN:12,(anonymous_1)
FN:16,(anonymous_2)
FN:23,(anonymous_3)
FN:30,(anonymous_4)
FNF:5
FNH:5
FNDA:9,(anonymous_0)
FNDA:2,(anonymous_1)
FNDA:9,(anonymous_2)
FNDA:3,(anonymous_3)
FNDA:2,(anonymous_4)
DA:1,1
DA:2,1
DA:6,9
DA:13,2
DA:17,9
DA:24,3
DA:31,2
DA:35,1
LF:8
LH:8
BRF:0
BRH:0
end_of_record
